1196 : 2025-07-28 12:05:05,605 : INFO : telemetry.main : Attempt start. Configuration directory [/home/naveenkumar/.azure]. Cache directory [/home/naveenkumar/.azure/telemetry/20250728120505494].
1196 : 2025-07-28 12:05:05,605 : INFO : telemetry.records : 1 cache files to upload.
1196 : 2025-07-28 12:05:05,605 : INFO : telemetry.records : Processed file /home/naveenkumar/.azure/telemetry/20250728120505494/cache into 1 records.
1196 : 2025-07-28 12:05:05,606 : INFO : telemetry.records : Remove directory /home/naveenkumar/.azure/telemetry/20250728120505494
1196 : 2025-07-28 12:05:05,606 : INFO : telemetry.client : Accumulated 1 events. Flush the clients.
1196 : 2025-07-28 12:05:05,606 : INFO : telemetry.client : Flush client c4395b75-49cc-422c-bc95-c7d51aef5d46.
1196 : 2025-07-28 12:05:06,387 : INFO : telemetry.sender : Sending 4416 bytes
1196 : 2025-07-28 12:05:06,387 : INFO : telemetry.sender : Finish uploading in 0.780389 seconds.
1228 : 2025-07-28 12:05:07,513 : INFO : telemetry.main : Attempt start. Configuration directory [/home/naveenkumar/.azure]. Cache directory [/home/naveenkumar/.azure/telemetry/20250728120507404].
1228 : 2025-07-28 12:05:07,513 : INFO : telemetry.records : 1 cache files to upload.
1228 : 2025-07-28 12:05:07,513 : INFO : telemetry.records : Processed file /home/naveenkumar/.azure/telemetry/20250728120507404/cache into 1 records.
1228 : 2025-07-28 12:05:07,513 : INFO : telemetry.records : Remove directory /home/naveenkumar/.azure/telemetry/20250728120507404
1228 : 2025-07-28 12:05:07,514 : INFO : telemetry.client : Accumulated 1 events. Flush the clients.
1228 : 2025-07-28 12:05:07,514 : INFO : telemetry.client : Flush client c4395b75-49cc-422c-bc95-c7d51aef5d46.
1238 : 2025-07-28 12:05:08,131 : INFO : telemetry.main : Attempt start. Configuration directory [/home/naveenkumar/.azure]. Cache directory [/home/naveenkumar/.azure/telemetry/20250728120507989].
1238 : 2025-07-28 12:05:08,131 : INFO : telemetry.records : 1 cache files to upload.
1238 : 2025-07-28 12:05:08,131 : INFO : telemetry.records : Processed file /home/naveenkumar/.azure/telemetry/20250728120507989/cache into 1 records.
1238 : 2025-07-28 12:05:08,131 : INFO : telemetry.records : Remove directory /home/naveenkumar/.azure/telemetry/20250728120507989
1238 : 2025-07-28 12:05:08,132 : INFO : telemetry.client : Accumulated 1 events. Flush the clients.
1238 : 2025-07-28 12:05:08,132 : INFO : telemetry.client : Flush client c4395b75-49cc-422c-bc95-c7d51aef5d46.
1228 : 2025-07-28 12:05:08,226 : INFO : telemetry.sender : Sending 4315 bytes
1228 : 2025-07-28 12:05:08,226 : INFO : telemetry.sender : Finish uploading in 0.712074 seconds.
1238 : 2025-07-28 12:05:08,994 : INFO : telemetry.sender : Sending 4397 bytes
1238 : 2025-07-28 12:05:08,994 : INFO : telemetry.sender : Finish uploading in 0.861377 seconds.
1253 : 2025-07-28 12:05:09,347 : INFO : telemetry.main : Attempt start. Configuration directory [/home/naveenkumar/.azure]. Cache directory [/home/naveenkumar/.azure/telemetry/20250728120509236].
1253 : 2025-07-28 12:05:09,347 : INFO : telemetry.records : 1 cache files to upload.
1253 : 2025-07-28 12:05:09,347 : INFO : telemetry.records : Processed file /home/naveenkumar/.azure/telemetry/20250728120509236/cache into 1 records.
1253 : 2025-07-28 12:05:09,348 : INFO : telemetry.records : Remove directory /home/naveenkumar/.azure/telemetry/20250728120509236
1253 : 2025-07-28 12:05:09,348 : INFO : telemetry.client : Accumulated 1 events. Flush the clients.
1253 : 2025-07-28 12:05:09,348 : INFO : telemetry.client : Flush client c4395b75-49cc-422c-bc95-c7d51aef5d46.
1253 : 2025-07-28 12:05:10,044 : INFO : telemetry.sender : Sending 4429 bytes
1253 : 2025-07-28 12:05:10,044 : INFO : telemetry.sender : Finish uploading in 0.696220 seconds.
2357 : 2025-07-28 12:37:41,064 : INFO : telemetry.main : Attempt start. Configuration directory [/home/naveenkumar/.azure]. Cache directory [/home/naveenkumar/.azure/telemetry/20250728123740933].
2357 : 2025-07-28 12:37:41,073 : INFO : telemetry.records : 1 cache files to upload.
2357 : 2025-07-28 12:37:41,073 : INFO : telemetry.records : Processed file /home/naveenkumar/.azure/telemetry/20250728123740933/cache into 1 records.
2357 : 2025-07-28 12:37:41,073 : INFO : telemetry.records : Remove directory /home/naveenkumar/.azure/telemetry/20250728123740933
2357 : 2025-07-28 12:37:41,074 : INFO : telemetry.client : Accumulated 1 events. Flush the clients.
2357 : 2025-07-28 12:37:41,074 : INFO : telemetry.client : Flush client c4395b75-49cc-422c-bc95-c7d51aef5d46.
2389 : 2025-07-28 12:37:41,858 : INFO : telemetry.main : Attempt start. Configuration directory [/home/naveenkumar/.azure]. Cache directory [/home/naveenkumar/.azure/telemetry/20250728123741747].
2389 : 2025-07-28 12:37:41,859 : INFO : telemetry.records : 1 cache files to upload.
2389 : 2025-07-28 12:37:41,859 : INFO : telemetry.records : Processed file /home/naveenkumar/.azure/telemetry/20250728123741747/cache into 1 records.
2389 : 2025-07-28 12:37:41,859 : INFO : telemetry.records : Remove directory /home/naveenkumar/.azure/telemetry/20250728123741747
2389 : 2025-07-28 12:37:41,859 : INFO : telemetry.client : Accumulated 1 events. Flush the clients.
2389 : 2025-07-28 12:37:41,859 : INFO : telemetry.client : Flush client c4395b75-49cc-422c-bc95-c7d51aef5d46.
2357 : 2025-07-28 12:37:41,966 : INFO : telemetry.sender : Sending 4397 bytes
2357 : 2025-07-28 12:37:41,966 : INFO : telemetry.sender : Finish uploading in 0.892109 seconds.
2399 : 2025-07-28 12:37:42,415 : INFO : telemetry.main : Attempt start. Configuration directory [/home/naveenkumar/.azure]. Cache directory [/home/naveenkumar/.azure/telemetry/20250728123742284].
2399 : 2025-07-28 12:37:42,415 : INFO : telemetry.records : 1 cache files to upload.
2399 : 2025-07-28 12:37:42,415 : INFO : telemetry.records : Processed file /home/naveenkumar/.azure/telemetry/20250728123742284/cache into 1 records.
2399 : 2025-07-28 12:37:42,415 : INFO : telemetry.records : Remove directory /home/naveenkumar/.azure/telemetry/20250728123742284
2399 : 2025-07-28 12:37:42,416 : INFO : telemetry.client : Accumulated 1 events. Flush the clients.
2399 : 2025-07-28 12:37:42,416 : INFO : telemetry.client : Flush client c4395b75-49cc-422c-bc95-c7d51aef5d46.
2389 : 2025-07-28 12:37:42,561 : INFO : telemetry.sender : Sending 4315 bytes
2389 : 2025-07-28 12:37:42,561 : INFO : telemetry.sender : Finish uploading in 0.701633 seconds.
2399 : 2025-07-28 12:37:43,113 : INFO : telemetry.sender : Sending 4397 bytes
2399 : 2025-07-28 12:37:43,113 : INFO : telemetry.sender : Finish uploading in 0.696715 seconds.
2422 : 2025-07-28 12:37:43,503 : INFO : telemetry.main : Attempt start. Configuration directory [/home/naveenkumar/.azure]. Cache directory [/home/naveenkumar/.azure/telemetry/20250728123743389].
2422 : 2025-07-28 12:37:43,504 : INFO : telemetry.records : 1 cache files to upload.
2422 : 2025-07-28 12:37:43,504 : INFO : telemetry.records : Processed file /home/naveenkumar/.azure/telemetry/20250728123743389/cache into 1 records.
2422 : 2025-07-28 12:37:43,504 : INFO : telemetry.records : Remove directory /home/naveenkumar/.azure/telemetry/20250728123743389
2422 : 2025-07-28 12:37:43,504 : INFO : telemetry.client : Accumulated 1 events. Flush the clients.
2422 : 2025-07-28 12:37:43,504 : INFO : telemetry.client : Flush client c4395b75-49cc-422c-bc95-c7d51aef5d46.
2422 : 2025-07-28 12:37:44,346 : INFO : telemetry.sender : Sending 4429 bytes
2422 : 2025-07-28 12:37:44,346 : INFO : telemetry.sender : Finish uploading in 0.841811 seconds.
11175 : 2025-07-29 03:50:44,316 : INFO : telemetry.main : Attempt start. Configuration directory [/home/naveenkumar/.azure]. Cache directory [/home/naveenkumar/.azure/telemetry/20250729035044181].
11175 : 2025-07-29 03:50:44,323 : INFO : telemetry.records : 1 cache files to upload.
11175 : 2025-07-29 03:50:44,324 : INFO : telemetry.records : Processed file /home/naveenkumar/.azure/telemetry/20250729035044181/cache into 1 records.
11175 : 2025-07-29 03:50:44,324 : INFO : telemetry.records : Remove directory /home/naveenkumar/.azure/telemetry/20250729035044181
11175 : 2025-07-29 03:50:44,325 : INFO : telemetry.client : Accumulated 1 events. Flush the clients.
11175 : 2025-07-29 03:50:44,325 : INFO : telemetry.client : Flush client c4395b75-49cc-422c-bc95-c7d51aef5d46.
11175 : 2025-07-29 03:50:45,056 : INFO : telemetry.sender : Sending 4397 bytes
11175 : 2025-07-29 03:50:45,056 : INFO : telemetry.sender : Finish uploading in 0.731054 seconds.
11205 : 2025-07-29 03:50:45,188 : INFO : telemetry.main : Attempt start. Configuration directory [/home/naveenkumar/.azure]. Cache directory [/home/naveenkumar/.azure/telemetry/20250729035045024].
11205 : 2025-07-29 03:50:45,188 : INFO : telemetry.records : 1 cache files to upload.
11205 : 2025-07-29 03:50:45,189 : INFO : telemetry.records : Processed file /home/naveenkumar/.azure/telemetry/20250729035045024/cache into 1 records.
11205 : 2025-07-29 03:50:45,189 : INFO : telemetry.records : Remove directory /home/naveenkumar/.azure/telemetry/20250729035045024
11205 : 2025-07-29 03:50:45,190 : INFO : telemetry.client : Accumulated 1 events. Flush the clients.
11205 : 2025-07-29 03:50:45,190 : INFO : telemetry.client : Flush client c4395b75-49cc-422c-bc95-c7d51aef5d46.
11215 : 2025-07-29 03:50:45,682 : INFO : telemetry.main : Attempt start. Configuration directory [/home/naveenkumar/.azure]. Cache directory [/home/naveenkumar/.azure/telemetry/20250729035045555].
11215 : 2025-07-29 03:50:45,682 : INFO : telemetry.records : 1 cache files to upload.
11215 : 2025-07-29 03:50:45,683 : INFO : telemetry.records : Processed file /home/naveenkumar/.azure/telemetry/20250729035045555/cache into 1 records.
11215 : 2025-07-29 03:50:45,683 : INFO : telemetry.records : Remove directory /home/naveenkumar/.azure/telemetry/20250729035045555
11215 : 2025-07-29 03:50:45,683 : INFO : telemetry.client : Accumulated 1 events. Flush the clients.
11215 : 2025-07-29 03:50:45,684 : INFO : telemetry.client : Flush client c4395b75-49cc-422c-bc95-c7d51aef5d46.
11205 : 2025-07-29 03:50:45,893 : INFO : telemetry.sender : Sending 4315 bytes
11205 : 2025-07-29 03:50:45,893 : INFO : telemetry.sender : Finish uploading in 0.703329 seconds.
11215 : 2025-07-29 03:50:46,397 : INFO : telemetry.sender : Sending 4397 bytes
11215 : 2025-07-29 03:50:46,397 : INFO : telemetry.sender : Finish uploading in 0.713039 seconds.
11230 : 2025-07-29 03:50:46,577 : INFO : telemetry.main : Attempt start. Configuration directory [/home/naveenkumar/.azure]. Cache directory [/home/naveenkumar/.azure/telemetry/20250729035046454].
11230 : 2025-07-29 03:50:46,577 : INFO : telemetry.records : 1 cache files to upload.
11230 : 2025-07-29 03:50:46,577 : INFO : telemetry.records : Processed file /home/naveenkumar/.azure/telemetry/20250729035046454/cache into 1 records.
11230 : 2025-07-29 03:50:46,578 : INFO : telemetry.records : Remove directory /home/naveenkumar/.azure/telemetry/20250729035046454
11230 : 2025-07-29 03:50:46,578 : INFO : telemetry.client : Accumulated 1 events. Flush the clients.
11230 : 2025-07-29 03:50:46,578 : INFO : telemetry.client : Flush client c4395b75-49cc-422c-bc95-c7d51aef5d46.
11230 : 2025-07-29 03:50:47,241 : INFO : telemetry.sender : Sending 4429 bytes
11230 : 2025-07-29 03:50:47,242 : INFO : telemetry.sender : Finish uploading in 0.663300 seconds.
11867 : 2025-07-29 04:12:07,051 : INFO : telemetry.main : Attempt start. Configuration directory [/home/naveenkumar/.azure]. Cache directory [/home/naveenkumar/.azure/telemetry/20250729041206950].
11867 : 2025-07-29 04:12:07,051 : INFO : telemetry.records : 1 cache files to upload.
11867 : 2025-07-29 04:12:07,051 : INFO : telemetry.records : Processed file /home/naveenkumar/.azure/telemetry/20250729041206950/cache into 1 records.
11867 : 2025-07-29 04:12:07,051 : INFO : telemetry.records : Remove directory /home/naveenkumar/.azure/telemetry/20250729041206950
11867 : 2025-07-29 04:12:07,052 : INFO : telemetry.client : Accumulated 1 events. Flush the clients.
11867 : 2025-07-29 04:12:07,052 : INFO : telemetry.client : Flush client c4395b75-49cc-422c-bc95-c7d51aef5d46.
11867 : 2025-07-29 04:12:07,897 : INFO : telemetry.sender : Sending 4219 bytes
11867 : 2025-07-29 04:12:07,898 : INFO : telemetry.sender : Finish uploading in 0.845819 seconds.
12042 : 2025-07-29 04:18:07,331 : INFO : telemetry.main : Attempt start. Configuration directory [/home/naveenkumar/.azure]. Cache directory [/home/naveenkumar/.azure/telemetry/20250729041807203].
12042 : 2025-07-29 04:18:07,332 : INFO : telemetry.records : 1 cache files to upload.
12042 : 2025-07-29 04:18:07,332 : INFO : telemetry.records : Processed file /home/naveenkumar/.azure/telemetry/20250729041807203/cache into 1 records.
12042 : 2025-07-29 04:18:07,332 : INFO : telemetry.records : Remove directory /home/naveenkumar/.azure/telemetry/20250729041807203
12042 : 2025-07-29 04:18:07,333 : INFO : telemetry.client : Accumulated 1 events. Flush the clients.
12042 : 2025-07-29 04:18:07,333 : INFO : telemetry.client : Flush client c4395b75-49cc-422c-bc95-c7d51aef5d46.
12042 : 2025-07-29 04:18:08,083 : INFO : telemetry.sender : Sending 4650 bytes
12042 : 2025-07-29 04:18:08,083 : INFO : telemetry.sender : Finish uploading in 0.749911 seconds.
12085 : 2025-07-29 04:19:03,414 : INFO : telemetry.main : Attempt start. Configuration directory [/home/naveenkumar/.azure]. Cache directory [/home/naveenkumar/.azure/telemetry/20250729041903304].
12085 : 2025-07-29 04:19:03,414 : INFO : telemetry.records : 1 cache files to upload.
12085 : 2025-07-29 04:19:03,415 : INFO : telemetry.records : Processed file /home/naveenkumar/.azure/telemetry/20250729041903304/cache into 1 records.
12085 : 2025-07-29 04:19:03,415 : INFO : telemetry.records : Remove directory /home/naveenkumar/.azure/telemetry/20250729041903304
12085 : 2025-07-29 04:19:03,415 : INFO : telemetry.client : Accumulated 1 events. Flush the clients.
12085 : 2025-07-29 04:19:03,415 : INFO : telemetry.client : Flush client c4395b75-49cc-422c-bc95-c7d51aef5d46.
12085 : 2025-07-29 04:19:04,059 : INFO : telemetry.sender : Sending 4556 bytes
12085 : 2025-07-29 04:19:04,059 : INFO : telemetry.sender : Finish uploading in 0.644166 seconds.
12098 : 2025-07-29 04:19:12,693 : INFO : telemetry.main : Attempt start. Configuration directory [/home/naveenkumar/.azure]. Cache directory [/home/naveenkumar/.azure/telemetry/20250729041912580].
12098 : 2025-07-29 04:19:12,693 : INFO : telemetry.records : 1 cache files to upload.
12098 : 2025-07-29 04:19:12,693 : INFO : telemetry.records : Processed file /home/naveenkumar/.azure/telemetry/20250729041912580/cache into 1 records.
12098 : 2025-07-29 04:19:12,693 : INFO : telemetry.records : Remove directory /home/naveenkumar/.azure/telemetry/20250729041912580
12098 : 2025-07-29 04:19:12,694 : INFO : telemetry.client : Accumulated 1 events. Flush the clients.
12098 : 2025-07-29 04:19:12,694 : INFO : telemetry.client : Flush client c4395b75-49cc-422c-bc95-c7d51aef5d46.
12098 : 2025-07-29 04:19:13,426 : INFO : telemetry.sender : Sending 4390 bytes
12098 : 2025-07-29 04:19:13,426 : INFO : telemetry.sender : Finish uploading in 0.731738 seconds.
12130 : 2025-07-29 04:19:37,951 : INFO : telemetry.main : Attempt start. Configuration directory [/home/naveenkumar/.azure]. Cache directory [/home/naveenkumar/.azure/telemetry/20250729041937838].
12130 : 2025-07-29 04:19:37,952 : INFO : telemetry.records : 1 cache files to upload.
12130 : 2025-07-29 04:19:37,952 : INFO : telemetry.records : Processed file /home/naveenkumar/.azure/telemetry/20250729041937838/cache into 1 records.
12130 : 2025-07-29 04:19:37,952 : INFO : telemetry.records : Remove directory /home/naveenkumar/.azure/telemetry/20250729041937838
12130 : 2025-07-29 04:19:37,953 : INFO : telemetry.client : Accumulated 1 events. Flush the clients.
12130 : 2025-07-29 04:19:37,953 : INFO : telemetry.client : Flush client c4395b75-49cc-422c-bc95-c7d51aef5d46.
12130 : 2025-07-29 04:19:38,652 : INFO : telemetry.sender : Sending 4500 bytes
12130 : 2025-07-29 04:19:38,652 : INFO : telemetry.sender : Finish uploading in 0.699071 seconds.
12144 : 2025-07-29 04:19:53,436 : INFO : telemetry.main : Attempt start. Configuration directory [/home/naveenkumar/.azure]. Cache directory [/home/naveenkumar/.azure/telemetry/20250729041953329].
12144 : 2025-07-29 04:19:53,437 : INFO : telemetry.records : 1 cache files to upload.
12144 : 2025-07-29 04:19:53,437 : INFO : telemetry.records : Processed file /home/naveenkumar/.azure/telemetry/20250729041953329/cache into 1 records.
12144 : 2025-07-29 04:19:53,437 : INFO : telemetry.records : Remove directory /home/naveenkumar/.azure/telemetry/20250729041953329
12144 : 2025-07-29 04:19:53,438 : INFO : telemetry.client : Accumulated 1 events. Flush the clients.
12144 : 2025-07-29 04:19:53,438 : INFO : telemetry.client : Flush client c4395b75-49cc-422c-bc95-c7d51aef5d46.
12144 : 2025-07-29 04:19:54,175 : INFO : telemetry.sender : Sending 4491 bytes
12144 : 2025-07-29 04:19:54,175 : INFO : telemetry.sender : Finish uploading in 0.737201 seconds.
12166 : 2025-07-29 04:20:14,029 : INFO : telemetry.main : Attempt start. Configuration directory [/home/naveenkumar/.azure]. Cache directory [/home/naveenkumar/.azure/telemetry/20250729042013922].
12166 : 2025-07-29 04:20:14,029 : INFO : telemetry.records : 1 cache files to upload.
12166 : 2025-07-29 04:20:14,030 : INFO : telemetry.records : Processed file /home/naveenkumar/.azure/telemetry/20250729042013922/cache into 1 records.
12166 : 2025-07-29 04:20:14,030 : INFO : telemetry.records : Remove directory /home/naveenkumar/.azure/telemetry/20250729042013922
12166 : 2025-07-29 04:20:14,030 : INFO : telemetry.client : Accumulated 1 events. Flush the clients.
12166 : 2025-07-29 04:20:14,031 : INFO : telemetry.client : Flush client c4395b75-49cc-422c-bc95-c7d51aef5d46.
12166 : 2025-07-29 04:20:14,801 : INFO : telemetry.sender : Sending 4497 bytes
12166 : 2025-07-29 04:20:14,802 : INFO : telemetry.sender : Finish uploading in 0.770879 seconds.
12231 : 2025-07-29 04:22:09,523 : INFO : telemetry.main : Attempt start. Configuration directory [/home/naveenkumar/.azure]. Cache directory [/home/naveenkumar/.azure/telemetry/20250729042209404].
12231 : 2025-07-29 04:22:09,523 : INFO : telemetry.records : 1 cache files to upload.
12231 : 2025-07-29 04:22:09,523 : INFO : telemetry.records : Processed file /home/naveenkumar/.azure/telemetry/20250729042209404/cache into 1 records.
12231 : 2025-07-29 04:22:09,524 : INFO : telemetry.records : Remove directory /home/naveenkumar/.azure/telemetry/20250729042209404
12231 : 2025-07-29 04:22:09,524 : INFO : telemetry.client : Accumulated 1 events. Flush the clients.
12231 : 2025-07-29 04:22:09,524 : INFO : telemetry.client : Flush client c4395b75-49cc-422c-bc95-c7d51aef5d46.
12231 : 2025-07-29 04:22:10,211 : INFO : telemetry.sender : Sending 4396 bytes
12231 : 2025-07-29 04:22:10,211 : INFO : telemetry.sender : Finish uploading in 0.686710 seconds.
12306 : 2025-07-29 04:24:40,708 : INFO : telemetry.main : Attempt start. Configuration directory [/home/naveenkumar/.azure]. Cache directory [/home/naveenkumar/.azure/telemetry/20250729042440600].
12306 : 2025-07-29 04:24:40,709 : INFO : telemetry.records : 1 cache files to upload.
12306 : 2025-07-29 04:24:40,709 : INFO : telemetry.records : Processed file /home/naveenkumar/.azure/telemetry/20250729042440600/cache into 1 records.
12306 : 2025-07-29 04:24:40,709 : INFO : telemetry.records : Remove directory /home/naveenkumar/.azure/telemetry/20250729042440600
12306 : 2025-07-29 04:24:40,709 : INFO : telemetry.client : Accumulated 1 events. Flush the clients.
12306 : 2025-07-29 04:24:40,709 : INFO : telemetry.client : Flush client c4395b75-49cc-422c-bc95-c7d51aef5d46.
12306 : 2025-07-29 04:24:41,515 : INFO : telemetry.sender : Sending 4302 bytes
12306 : 2025-07-29 04:24:41,515 : INFO : telemetry.sender : Finish uploading in 0.805730 seconds.
12377 : 2025-07-29 04:26:32,796 : INFO : telemetry.main : Attempt start. Configuration directory [/home/naveenkumar/.azure]. Cache directory [/home/naveenkumar/.azure/telemetry/20250729042632695].
12377 : 2025-07-29 04:26:32,796 : INFO : telemetry.records : 1 cache files to upload.
12377 : 2025-07-29 04:26:32,796 : INFO : telemetry.records : Processed file /home/naveenkumar/.azure/telemetry/20250729042632695/cache into 1 records.
12377 : 2025-07-29 04:26:32,796 : INFO : telemetry.records : Remove directory /home/naveenkumar/.azure/telemetry/20250729042632695
12377 : 2025-07-29 04:26:32,797 : INFO : telemetry.client : Accumulated 1 events. Flush the clients.
12377 : 2025-07-29 04:26:32,797 : INFO : telemetry.client : Flush client c4395b75-49cc-422c-bc95-c7d51aef5d46.
12377 : 2025-07-29 04:26:33,551 : INFO : telemetry.sender : Sending 4285 bytes
12377 : 2025-07-29 04:26:33,551 : INFO : telemetry.sender : Finish uploading in 0.754568 seconds.
19982 : 2025-07-29 09:00:03,532 : INFO : telemetry.main : Attempt start. Configuration directory [/home/naveenkumar/.azure]. Cache directory [/home/naveenkumar/.azure/telemetry/20250729090003376].
19982 : 2025-07-29 09:00:03,532 : INFO : telemetry.records : 1 cache files to upload.
19982 : 2025-07-29 09:00:03,533 : INFO : telemetry.records : Processed file /home/naveenkumar/.azure/telemetry/20250729090003376/cache into 1 records.
19982 : 2025-07-29 09:00:03,533 : INFO : telemetry.records : Remove directory /home/naveenkumar/.azure/telemetry/20250729090003376
19982 : 2025-07-29 09:00:03,534 : INFO : telemetry.client : Accumulated 1 events. Flush the clients.
19982 : 2025-07-29 09:00:03,534 : INFO : telemetry.client : Flush client c4395b75-49cc-422c-bc95-c7d51aef5d46.
20005 : 2025-07-29 09:00:04,158 : INFO : telemetry.main : Attempt start. Configuration directory [/home/naveenkumar/.azure]. Cache directory [/home/naveenkumar/.azure/telemetry/20250729090004041].
20005 : 2025-07-29 09:00:04,158 : INFO : telemetry.records : 1 cache files to upload.
20005 : 2025-07-29 09:00:04,158 : INFO : telemetry.records : Processed file /home/naveenkumar/.azure/telemetry/20250729090004041/cache into 1 records.
20005 : 2025-07-29 09:00:04,158 : INFO : telemetry.records : Remove directory /home/naveenkumar/.azure/telemetry/20250729090004041
20005 : 2025-07-29 09:00:04,159 : INFO : telemetry.client : Accumulated 1 events. Flush the clients.
20005 : 2025-07-29 09:00:04,159 : INFO : telemetry.client : Flush client c4395b75-49cc-422c-bc95-c7d51aef5d46.
19982 : 2025-07-29 09:00:04,707 : INFO : telemetry.sender : Sending 4397 bytes
19982 : 2025-07-29 09:00:04,707 : INFO : telemetry.sender : Finish uploading in 1.172808 seconds.
20005 : 2025-07-29 09:00:05,236 : INFO : telemetry.sender : Sending 4315 bytes
20005 : 2025-07-29 09:00:05,237 : INFO : telemetry.sender : Finish uploading in 1.078033 seconds.
5002 : 2025-07-30 05:02:57,342 : INFO : telemetry.main : Attempt start. Configuration directory [/home/naveenkumar/.azure]. Cache directory [/home/naveenkumar/.azure/telemetry/20250730050257201].
5002 : 2025-07-30 05:02:57,347 : INFO : telemetry.records : 1 cache files to upload.
5002 : 2025-07-30 05:02:57,347 : INFO : telemetry.records : Processed file /home/naveenkumar/.azure/telemetry/20250730050257201/cache into 1 records.
5002 : 2025-07-30 05:02:57,347 : INFO : telemetry.records : Remove directory /home/naveenkumar/.azure/telemetry/20250730050257201
5002 : 2025-07-30 05:02:57,348 : INFO : telemetry.client : Accumulated 1 events. Flush the clients.
5002 : 2025-07-30 05:02:57,348 : INFO : telemetry.client : Flush client c4395b75-49cc-422c-bc95-c7d51aef5d46.
5033 : 2025-07-30 05:02:58,150 : INFO : telemetry.main : Attempt start. Configuration directory [/home/naveenkumar/.azure]. Cache directory [/home/naveenkumar/.azure/telemetry/20250730050258006].
5033 : 2025-07-30 05:02:58,150 : INFO : telemetry.records : 1 cache files to upload.
5033 : 2025-07-30 05:02:58,150 : INFO : telemetry.records : Processed file /home/naveenkumar/.azure/telemetry/20250730050258006/cache into 1 records.
5033 : 2025-07-30 05:02:58,150 : INFO : telemetry.records : Remove directory /home/naveenkumar/.azure/telemetry/20250730050258006
5033 : 2025-07-30 05:02:58,151 : INFO : telemetry.client : Accumulated 1 events. Flush the clients.
5033 : 2025-07-30 05:02:58,151 : INFO : telemetry.client : Flush client c4395b75-49cc-422c-bc95-c7d51aef5d46.
5002 : 2025-07-30 05:02:58,283 : INFO : telemetry.sender : Sending 4397 bytes
5002 : 2025-07-30 05:02:58,283 : INFO : telemetry.sender : Finish uploading in 0.934983 seconds.
5043 : 2025-07-30 05:02:58,663 : INFO : telemetry.main : Attempt start. Configuration directory [/home/naveenkumar/.azure]. Cache directory [/home/naveenkumar/.azure/telemetry/20250730050258530].
5043 : 2025-07-30 05:02:58,664 : INFO : telemetry.records : 1 cache files to upload.
5043 : 2025-07-30 05:02:58,664 : INFO : telemetry.records : Processed file /home/naveenkumar/.azure/telemetry/20250730050258530/cache into 1 records.
5043 : 2025-07-30 05:02:58,664 : INFO : telemetry.records : Remove directory /home/naveenkumar/.azure/telemetry/20250730050258530
5043 : 2025-07-30 05:02:58,665 : INFO : telemetry.client : Accumulated 1 events. Flush the clients.
5043 : 2025-07-30 05:02:58,665 : INFO : telemetry.client : Flush client c4395b75-49cc-422c-bc95-c7d51aef5d46.
5033 : 2025-07-30 05:02:59,485 : INFO : telemetry.sender : Sending 4315 bytes
5033 : 2025-07-30 05:02:59,485 : INFO : telemetry.sender : Finish uploading in 1.333747 seconds.
5043 : 2025-07-30 05:02:59,563 : INFO : telemetry.sender : Sending 4397 bytes
5043 : 2025-07-30 05:02:59,563 : INFO : telemetry.sender : Finish uploading in 0.897077 seconds.
5059 : 2025-07-30 05:02:59,589 : INFO : telemetry.main : Attempt start. Configuration directory [/home/naveenkumar/.azure]. Cache directory [/home/naveenkumar/.azure/telemetry/20250730050259478].
5059 : 2025-07-30 05:02:59,590 : INFO : telemetry.records : 1 cache files to upload.
5059 : 2025-07-30 05:02:59,590 : INFO : telemetry.records : Processed file /home/naveenkumar/.azure/telemetry/20250730050259478/cache into 1 records.
5059 : 2025-07-30 05:02:59,590 : INFO : telemetry.records : Remove directory /home/naveenkumar/.azure/telemetry/20250730050259478
5059 : 2025-07-30 05:02:59,591 : INFO : telemetry.client : Accumulated 1 events. Flush the clients.
5059 : 2025-07-30 05:02:59,591 : INFO : telemetry.client : Flush client c4395b75-49cc-422c-bc95-c7d51aef5d46.
5059 : 2025-07-30 05:03:00,454 : INFO : telemetry.sender : Sending 4429 bytes
5059 : 2025-07-30 05:03:00,454 : INFO : telemetry.sender : Finish uploading in 0.863446 seconds.
223 : 2025-07-30 05:46:11,727 : INFO : telemetry.main : Attempt start. Configuration directory [/home/naveenkumar/.azure]. Cache directory [/home/naveenkumar/.azure/telemetry/20250730054611579].
223 : 2025-07-30 05:46:11,732 : INFO : telemetry.records : 1 cache files to upload.
223 : 2025-07-30 05:46:11,732 : INFO : telemetry.records : Processed file /home/naveenkumar/.azure/telemetry/20250730054611579/cache into 1 records.
223 : 2025-07-30 05:46:11,732 : INFO : telemetry.records : Remove directory /home/naveenkumar/.azure/telemetry/20250730054611579
223 : 2025-07-30 05:46:11,733 : INFO : telemetry.client : Accumulated 1 events. Flush the clients.
223 : 2025-07-30 05:46:11,733 : INFO : telemetry.client : Flush client c4395b75-49cc-422c-bc95-c7d51aef5d46.
254 : 2025-07-30 05:46:12,526 : INFO : telemetry.main : Attempt start. Configuration directory [/home/naveenkumar/.azure]. Cache directory [/home/naveenkumar/.azure/telemetry/20250730054612386].
254 : 2025-07-30 05:46:12,526 : INFO : telemetry.records : 1 cache files to upload.
254 : 2025-07-30 05:46:12,527 : INFO : telemetry.records : Processed file /home/naveenkumar/.azure/telemetry/20250730054612386/cache into 1 records.
254 : 2025-07-30 05:46:12,527 : INFO : telemetry.records : Remove directory /home/naveenkumar/.azure/telemetry/20250730054612386
254 : 2025-07-30 05:46:12,528 : INFO : telemetry.client : Accumulated 1 events. Flush the clients.
254 : 2025-07-30 05:46:12,528 : INFO : telemetry.client : Flush client c4395b75-49cc-422c-bc95-c7d51aef5d46.
223 : 2025-07-30 05:46:12,640 : INFO : telemetry.sender : Sending 4397 bytes
223 : 2025-07-30 05:46:12,640 : INFO : telemetry.sender : Finish uploading in 0.906624 seconds.
264 : 2025-07-30 05:46:12,999 : INFO : telemetry.main : Attempt start. Configuration directory [/home/naveenkumar/.azure]. Cache directory [/home/naveenkumar/.azure/telemetry/20250730054612859].
264 : 2025-07-30 05:46:13,000 : INFO : telemetry.records : 1 cache files to upload.
264 : 2025-07-30 05:46:13,000 : INFO : telemetry.records : Processed file /home/naveenkumar/.azure/telemetry/20250730054612859/cache into 1 records.
264 : 2025-07-30 05:46:13,000 : INFO : telemetry.records : Remove directory /home/naveenkumar/.azure/telemetry/20250730054612859
264 : 2025-07-30 05:46:13,001 : INFO : telemetry.client : Accumulated 1 events. Flush the clients.
264 : 2025-07-30 05:46:13,001 : INFO : telemetry.client : Flush client c4395b75-49cc-422c-bc95-c7d51aef5d46.
254 : 2025-07-30 05:46:13,405 : INFO : telemetry.sender : Sending 4315 bytes
254 : 2025-07-30 05:46:13,405 : INFO : telemetry.sender : Finish uploading in 0.877230 seconds.
264 : 2025-07-30 05:46:13,880 : INFO : telemetry.sender : Sending 4397 bytes
264 : 2025-07-30 05:46:13,880 : INFO : telemetry.sender : Finish uploading in 0.879054 seconds.
279 : 2025-07-30 05:46:14,335 : INFO : telemetry.main : Attempt start. Configuration directory [/home/naveenkumar/.azure]. Cache directory [/home/naveenkumar/.azure/telemetry/20250730054614223].
279 : 2025-07-30 05:46:14,335 : INFO : telemetry.records : 1 cache files to upload.
279 : 2025-07-30 05:46:14,335 : INFO : telemetry.records : Processed file /home/naveenkumar/.azure/telemetry/20250730054614223/cache into 1 records.
279 : 2025-07-30 05:46:14,335 : INFO : telemetry.records : Remove directory /home/naveenkumar/.azure/telemetry/20250730054614223
279 : 2025-07-30 05:46:14,336 : INFO : telemetry.client : Accumulated 1 events. Flush the clients.
279 : 2025-07-30 05:46:14,336 : INFO : telemetry.client : Flush client c4395b75-49cc-422c-bc95-c7d51aef5d46.
279 : 2025-07-30 05:46:15,165 : INFO : telemetry.sender : Sending 4429 bytes
279 : 2025-07-30 05:46:15,165 : INFO : telemetry.sender : Finish uploading in 0.829242 seconds.
209 : 2025-07-31 03:50:26,512 : INFO : telemetry.main : Attempt start. Configuration directory [/home/naveenkumar/.azure]. Cache directory [/home/naveenkumar/.azure/telemetry/20250731035026370].
209 : 2025-07-31 03:50:26,518 : INFO : telemetry.records : 1 cache files to upload.
209 : 2025-07-31 03:50:26,518 : INFO : telemetry.records : Processed file /home/naveenkumar/.azure/telemetry/20250731035026370/cache into 1 records.
209 : 2025-07-31 03:50:26,518 : INFO : telemetry.records : Remove directory /home/naveenkumar/.azure/telemetry/20250731035026370
209 : 2025-07-31 03:50:26,519 : INFO : telemetry.client : Accumulated 1 events. Flush the clients.
209 : 2025-07-31 03:50:26,519 : INFO : telemetry.client : Flush client c4395b75-49cc-422c-bc95-c7d51aef5d46.
209 : 2025-07-31 03:50:27,428 : INFO : telemetry.sender : Sending 4397 bytes
209 : 2025-07-31 03:50:27,428 : INFO : telemetry.sender : Finish uploading in 0.908722 seconds.
240 : 2025-07-31 03:50:27,436 : INFO : telemetry.main : Attempt start. Configuration directory [/home/naveenkumar/.azure]. Cache directory [/home/naveenkumar/.azure/telemetry/20250731035027311].
240 : 2025-07-31 03:50:27,436 : INFO : telemetry.records : 1 cache files to upload.
240 : 2025-07-31 03:50:27,436 : INFO : telemetry.records : Processed file /home/naveenkumar/.azure/telemetry/20250731035027311/cache into 1 records.
240 : 2025-07-31 03:50:27,437 : INFO : telemetry.records : Remove directory /home/naveenkumar/.azure/telemetry/20250731035027311
240 : 2025-07-31 03:50:27,437 : INFO : telemetry.client : Accumulated 1 events. Flush the clients.
240 : 2025-07-31 03:50:27,437 : INFO : telemetry.client : Flush client c4395b75-49cc-422c-bc95-c7d51aef5d46.
250 : 2025-07-31 03:50:28,077 : INFO : telemetry.main : Attempt start. Configuration directory [/home/naveenkumar/.azure]. Cache directory [/home/naveenkumar/.azure/telemetry/20250731035027930].
250 : 2025-07-31 03:50:28,077 : INFO : telemetry.records : 1 cache files to upload.
250 : 2025-07-31 03:50:28,077 : INFO : telemetry.records : Processed file /home/naveenkumar/.azure/telemetry/20250731035027930/cache into 1 records.
250 : 2025-07-31 03:50:28,077 : INFO : telemetry.records : Remove directory /home/naveenkumar/.azure/telemetry/20250731035027930
250 : 2025-07-31 03:50:28,078 : INFO : telemetry.client : Accumulated 1 events. Flush the clients.
250 : 2025-07-31 03:50:28,078 : INFO : telemetry.client : Flush client c4395b75-49cc-422c-bc95-c7d51aef5d46.
240 : 2025-07-31 03:50:28,347 : INFO : telemetry.sender : Sending 4315 bytes
240 : 2025-07-31 03:50:28,348 : INFO : telemetry.sender : Finish uploading in 0.909776 seconds.
250 : 2025-07-31 03:50:29,007 : INFO : telemetry.sender : Sending 4397 bytes
250 : 2025-07-31 03:50:29,008 : INFO : telemetry.sender : Finish uploading in 0.929114 seconds.
265 : 2025-07-31 03:50:29,525 : INFO : telemetry.main : Attempt start. Configuration directory [/home/naveenkumar/.azure]. Cache directory [/home/naveenkumar/.azure/telemetry/20250731035029315].
265 : 2025-07-31 03:50:29,525 : INFO : telemetry.records : 1 cache files to upload.
265 : 2025-07-31 03:50:29,525 : INFO : telemetry.records : Processed file /home/naveenkumar/.azure/telemetry/20250731035029315/cache into 1 records.
265 : 2025-07-31 03:50:29,525 : INFO : telemetry.records : Remove directory /home/naveenkumar/.azure/telemetry/20250731035029315
265 : 2025-07-31 03:50:29,526 : INFO : telemetry.client : Accumulated 1 events. Flush the clients.
265 : 2025-07-31 03:50:29,526 : INFO : telemetry.client : Flush client c4395b75-49cc-422c-bc95-c7d51aef5d46.
265 : 2025-07-31 03:50:30,296 : INFO : telemetry.sender : Sending 4429 bytes
265 : 2025-07-31 03:50:30,296 : INFO : telemetry.sender : Finish uploading in 0.770050 seconds.
4288 : 2025-11-03 10:44:30,449 : INFO : telemetry.main : Attempt start. Configuration directory [/home/naveenkumar/.azure]. Cache directory [/home/naveenkumar/.azure/telemetry/20251103104430338].
4288 : 2025-11-03 10:44:30,454 : INFO : telemetry.records : 1 cache files to upload.
4288 : 2025-11-03 10:44:30,455 : INFO : telemetry.records : Processed file /home/naveenkumar/.azure/telemetry/20251103104430338/cache into 1 records.
4288 : 2025-11-03 10:44:30,455 : INFO : telemetry.records : Remove directory /home/naveenkumar/.azure/telemetry/20251103104430338
4288 : 2025-11-03 10:44:30,455 : INFO : telemetry.client : Accumulated 1 events. Flush the clients.
4288 : 2025-11-03 10:44:30,455 : INFO : telemetry.client : Flush client c4395b75-49cc-422c-bc95-c7d51aef5d46.
4288 : 2025-11-03 10:44:31,671 : INFO : telemetry.sender : Sending 4416 bytes
4288 : 2025-11-03 10:44:31,671 : INFO : telemetry.sender : Finish uploading in 1.215036 seconds.
4321 : 2025-11-03 10:44:33,076 : INFO : telemetry.main : Attempt start. Configuration directory [/home/naveenkumar/.azure]. Cache directory [/home/naveenkumar/.azure/telemetry/20251103104432969].
4321 : 2025-11-03 10:44:33,077 : INFO : telemetry.records : 1 cache files to upload.
4321 : 2025-11-03 10:44:33,077 : INFO : telemetry.records : Processed file /home/naveenkumar/.azure/telemetry/20251103104432969/cache into 1 records.
4321 : 2025-11-03 10:44:33,077 : INFO : telemetry.records : Remove directory /home/naveenkumar/.azure/telemetry/20251103104432969
4321 : 2025-11-03 10:44:33,078 : INFO : telemetry.client : Accumulated 1 events. Flush the clients.
4321 : 2025-11-03 10:44:33,078 : INFO : telemetry.client : Flush client c4395b75-49cc-422c-bc95-c7d51aef5d46.
4330 : 2025-11-03 10:44:33,634 : INFO : telemetry.main : Attempt start. Configuration directory [/home/naveenkumar/.azure]. Cache directory [/home/naveenkumar/.azure/telemetry/20251103104433489].
4330 : 2025-11-03 10:44:33,634 : INFO : telemetry.records : 1 cache files to upload.
4330 : 2025-11-03 10:44:33,634 : INFO : telemetry.records : Processed file /home/naveenkumar/.azure/telemetry/20251103104433489/cache into 1 records.
4330 : 2025-11-03 10:44:33,635 : INFO : telemetry.records : Remove directory /home/naveenkumar/.azure/telemetry/20251103104433489
4330 : 2025-11-03 10:44:33,635 : INFO : telemetry.client : Accumulated 1 events. Flush the clients.
4330 : 2025-11-03 10:44:33,635 : INFO : telemetry.client : Flush client c4395b75-49cc-422c-bc95-c7d51aef5d46.
4321 : 2025-11-03 10:44:34,331 : INFO : telemetry.sender : Sending 4315 bytes
4321 : 2025-11-03 10:44:34,332 : INFO : telemetry.sender : Finish uploading in 1.253369 seconds.
4330 : 2025-11-03 10:44:34,840 : INFO : telemetry.sender : Sending 4397 bytes
4330 : 2025-11-03 10:44:34,840 : INFO : telemetry.sender : Finish uploading in 1.204168 seconds.
4345 : 2025-11-03 10:44:35,843 : INFO : telemetry.main : Attempt start. Configuration directory [/home/naveenkumar/.azure]. Cache directory [/home/naveenkumar/.azure/telemetry/20251103104435717].
4345 : 2025-11-03 10:44:35,843 : INFO : telemetry.records : 1 cache files to upload.
4345 : 2025-11-03 10:44:35,843 : INFO : telemetry.records : Processed file /home/naveenkumar/.azure/telemetry/20251103104435717/cache into 1 records.
4345 : 2025-11-03 10:44:35,843 : INFO : telemetry.records : Remove directory /home/naveenkumar/.azure/telemetry/20251103104435717
4345 : 2025-11-03 10:44:35,844 : INFO : telemetry.client : Accumulated 1 events. Flush the clients.
4345 : 2025-11-03 10:44:35,844 : INFO : telemetry.client : Flush client c4395b75-49cc-422c-bc95-c7d51aef5d46.
4345 : 2025-11-03 10:44:36,831 : INFO : telemetry.sender : Sending 4429 bytes
4345 : 2025-11-03 10:44:36,831 : INFO : telemetry.sender : Finish uploading in 0.986672 seconds.
4728 : 2025-11-03 10:56:36,539 : INFO : telemetry.main : Attempt start. Configuration directory [/home/naveenkumar/.azure]. Cache directory [/home/naveenkumar/.azure/telemetry/20251103105636428].
4728 : 2025-11-03 10:56:36,540 : INFO : telemetry.records : 1 cache files to upload.
4728 : 2025-11-03 10:56:36,540 : INFO : telemetry.records : Processed file /home/naveenkumar/.azure/telemetry/20251103105636428/cache into 1 records.
4728 : 2025-11-03 10:56:36,540 : INFO : telemetry.records : Remove directory /home/naveenkumar/.azure/telemetry/20251103105636428
4728 : 2025-11-03 10:56:36,541 : INFO : telemetry.client : Accumulated 1 events. Flush the clients.
4728 : 2025-11-03 10:56:36,541 : INFO : telemetry.client : Flush client c4395b75-49cc-422c-bc95-c7d51aef5d46.
4728 : 2025-11-03 10:56:37,541 : INFO : telemetry.sender : Sending 4629 bytes
4728 : 2025-11-03 10:56:37,541 : INFO : telemetry.sender : Finish uploading in 0.999417 seconds.
4786 : 2025-11-03 10:58:14,179 : INFO : telemetry.main : Attempt start. Configuration directory [/home/naveenkumar/.azure]. Cache directory [/home/naveenkumar/.azure/telemetry/20251103105814071].
4786 : 2025-11-03 10:58:14,179 : INFO : telemetry.records : 1 cache files to upload.
4786 : 2025-11-03 10:58:14,179 : INFO : telemetry.records : Processed file /home/naveenkumar/.azure/telemetry/20251103105814071/cache into 1 records.
4786 : 2025-11-03 10:58:14,179 : INFO : telemetry.records : Remove directory /home/naveenkumar/.azure/telemetry/20251103105814071
4786 : 2025-11-03 10:58:14,180 : INFO : telemetry.client : Accumulated 1 events. Flush the clients.
4786 : 2025-11-03 10:58:14,180 : INFO : telemetry.client : Flush client c4395b75-49cc-422c-bc95-c7d51aef5d46.
4786 : 2025-11-03 10:58:15,188 : INFO : telemetry.sender : Sending 4421 bytes
4786 : 2025-11-03 10:58:15,188 : INFO : telemetry.sender : Finish uploading in 1.007866 seconds.
4808 : 2025-11-03 10:58:31,324 : INFO : telemetry.main : Attempt start. Configuration directory [/home/naveenkumar/.azure]. Cache directory [/home/naveenkumar/.azure/telemetry/20251103105831212].
4808 : 2025-11-03 10:58:31,324 : INFO : telemetry.records : 1 cache files to upload.
4808 : 2025-11-03 10:58:31,325 : INFO : telemetry.records : Processed file /home/naveenkumar/.azure/telemetry/20251103105831212/cache into 1 records.
4808 : 2025-11-03 10:58:31,325 : INFO : telemetry.records : Remove directory /home/naveenkumar/.azure/telemetry/20251103105831212
4808 : 2025-11-03 10:58:31,325 : INFO : telemetry.client : Accumulated 1 events. Flush the clients.
4808 : 2025-11-03 10:58:31,325 : INFO : telemetry.client : Flush client c4395b75-49cc-422c-bc95-c7d51aef5d46.
4808 : 2025-11-03 10:58:32,310 : INFO : telemetry.sender : Sending 4421 bytes
4808 : 2025-11-03 10:58:32,310 : INFO : telemetry.sender : Finish uploading in 0.984749 seconds.
4960 : 2025-11-03 11:03:34,602 : INFO : telemetry.main : Attempt start. Configuration directory [/home/naveenkumar/.azure]. Cache directory [/home/naveenkumar/.azure/telemetry/20251103110334482].
4960 : 2025-11-03 11:03:34,603 : INFO : telemetry.records : 1 cache files to upload.
4960 : 2025-11-03 11:03:34,603 : INFO : telemetry.records : Processed file /home/naveenkumar/.azure/telemetry/20251103110334482/cache into 1 records.
4960 : 2025-11-03 11:03:34,603 : INFO : telemetry.records : Remove directory /home/naveenkumar/.azure/telemetry/20251103110334482
4960 : 2025-11-03 11:03:34,603 : INFO : telemetry.client : Accumulated 1 events. Flush the clients.
4960 : 2025-11-03 11:03:34,603 : INFO : telemetry.client : Flush client c4395b75-49cc-422c-bc95-c7d51aef5d46.
4960 : 2025-11-03 11:03:35,468 : INFO : telemetry.sender : Sending 4421 bytes
4960 : 2025-11-03 11:03:35,468 : INFO : telemetry.sender : Finish uploading in 0.864815 seconds.
5011 : 2025-11-03 11:04:48,023 : INFO : telemetry.main : Attempt start. Configuration directory [/home/naveenkumar/.azure]. Cache directory [/home/naveenkumar/.azure/telemetry/20251103110447906].
5011 : 2025-11-03 11:04:48,023 : INFO : telemetry.records : 1 cache files to upload.
5011 : 2025-11-03 11:04:48,023 : INFO : telemetry.records : Processed file /home/naveenkumar/.azure/telemetry/20251103110447906/cache into 1 records.
5011 : 2025-11-03 11:04:48,023 : INFO : telemetry.records : Remove directory /home/naveenkumar/.azure/telemetry/20251103110447906
5011 : 2025-11-03 11:04:48,024 : INFO : telemetry.client : Accumulated 1 events. Flush the clients.
5011 : 2025-11-03 11:04:48,024 : INFO : telemetry.client : Flush client c4395b75-49cc-422c-bc95-c7d51aef5d46.
5011 : 2025-11-03 11:04:48,912 : INFO : telemetry.sender : Sending 5004 bytes
5011 : 2025-11-03 11:04:48,912 : INFO : telemetry.sender : Finish uploading in 0.887347 seconds.
1156 : 2025-11-03 14:13:49,461 : INFO : telemetry.main : Attempt start. Configuration directory [/home/naveenkumar/.azure]. Cache directory [/home/naveenkumar/.azure/telemetry/20251103141349325].
1156 : 2025-11-03 14:13:49,466 : INFO : telemetry.records : 1 cache files to upload.
1156 : 2025-11-03 14:13:49,466 : INFO : telemetry.records : Processed file /home/naveenkumar/.azure/telemetry/20251103141349325/cache into 1 records.
1156 : 2025-11-03 14:13:49,466 : INFO : telemetry.records : Remove directory /home/naveenkumar/.azure/telemetry/20251103141349325
1156 : 2025-11-03 14:13:49,467 : INFO : telemetry.client : Accumulated 1 events. Flush the clients.
1156 : 2025-11-03 14:13:49,467 : INFO : telemetry.client : Flush client c4395b75-49cc-422c-bc95-c7d51aef5d46.
1156 : 2025-11-03 14:13:50,600 : INFO : telemetry.sender : Sending 4397 bytes
1156 : 2025-11-03 14:13:50,600 : INFO : telemetry.sender : Finish uploading in 1.132955 seconds.
1186 : 2025-11-03 14:13:50,622 : INFO : telemetry.main : Attempt start. Configuration directory [/home/naveenkumar/.azure]. Cache directory [/home/naveenkumar/.azure/telemetry/20251103141350351].
1186 : 2025-11-03 14:13:50,623 : INFO : telemetry.records : 1 cache files to upload.
1186 : 2025-11-03 14:13:50,623 : INFO : telemetry.records : Processed file /home/naveenkumar/.azure/telemetry/20251103141350351/cache into 1 records.
1186 : 2025-11-03 14:13:50,623 : INFO : telemetry.records : Remove directory /home/naveenkumar/.azure/telemetry/20251103141350351
1186 : 2025-11-03 14:13:50,624 : INFO : telemetry.client : Accumulated 1 events. Flush the clients.
1186 : 2025-11-03 14:13:50,624 : INFO : telemetry.client : Flush client c4395b75-49cc-422c-bc95-c7d51aef5d46.
1196 : 2025-11-03 14:13:51,171 : INFO : telemetry.main : Attempt start. Configuration directory [/home/naveenkumar/.azure]. Cache directory [/home/naveenkumar/.azure/telemetry/20251103141351012].
1196 : 2025-11-03 14:13:51,172 : INFO : telemetry.records : 1 cache files to upload.
1196 : 2025-11-03 14:13:51,172 : INFO : telemetry.records : Processed file /home/naveenkumar/.azure/telemetry/20251103141351012/cache into 1 records.
1196 : 2025-11-03 14:13:51,172 : INFO : telemetry.records : Remove directory /home/naveenkumar/.azure/telemetry/20251103141351012
1196 : 2025-11-03 14:13:51,173 : INFO : telemetry.client : Accumulated 1 events. Flush the clients.
1196 : 2025-11-03 14:13:51,173 : INFO : telemetry.client : Flush client c4395b75-49cc-422c-bc95-c7d51aef5d46.
1186 : 2025-11-03 14:13:51,908 : INFO : telemetry.sender : Sending 4315 bytes
1186 : 2025-11-03 14:13:51,908 : INFO : telemetry.sender : Finish uploading in 1.283528 seconds.
1196 : 2025-11-03 14:13:52,198 : INFO : telemetry.sender : Sending 4397 bytes
1196 : 2025-11-03 14:13:52,198 : INFO : telemetry.sender : Finish uploading in 1.024487 seconds.
1211 : 2025-11-03 14:13:52,717 : INFO : telemetry.main : Attempt start. Configuration directory [/home/naveenkumar/.azure]. Cache directory [/home/naveenkumar/.azure/telemetry/20251103141352591].
1211 : 2025-11-03 14:13:52,717 : INFO : telemetry.records : 1 cache files to upload.
1211 : 2025-11-03 14:13:52,717 : INFO : telemetry.records : Processed file /home/naveenkumar/.azure/telemetry/20251103141352591/cache into 1 records.
1211 : 2025-11-03 14:13:52,717 : INFO : telemetry.records : Remove directory /home/naveenkumar/.azure/telemetry/20251103141352591
1211 : 2025-11-03 14:13:52,718 : INFO : telemetry.client : Accumulated 1 events. Flush the clients.
1211 : 2025-11-03 14:13:52,718 : INFO : telemetry.client : Flush client c4395b75-49cc-422c-bc95-c7d51aef5d46.
1211 : 2025-11-03 14:13:53,920 : INFO : telemetry.sender : Sending 4429 bytes
1211 : 2025-11-03 14:13:53,920 : INFO : telemetry.sender : Finish uploading in 1.201881 seconds.
